Performing C SOURCE FILE Test CMAKE_HAVE_LIBC_PTHREAD failed with the following output:
Change Dir: /home/pc/Desktop/cg/lab8/build/CMakeFiles/CMakeTmp

Run Build Command(s):/usr/bin/make cmTC_2c3bc/fast && /usr/bin/make -f CMakeFiles/cmTC_2c3bc.dir/build.make CMakeFiles/cmTC_2c3bc.dir/build
make[1]: Entering directory '/home/pc/Desktop/cg/lab8/build/CMakeFiles/CMakeTmp'
Building C object CMakeFiles/cmTC_2c3bc.dir/src.c.o
/usr/bin/cc   -DCMAKE_HAVE_LIBC_PTHREAD   -o CMakeFiles/cmTC_2c3bc.dir/src.c.o   -c /home/pc/Desktop/cg/lab8/build/CMakeFiles/CMakeTmp/src.c
Linking C executable cmTC_2c3bc
/usr/bin/cmake -E cmake_link_script CMakeFiles/cmTC_2c3bc.dir/link.txt --verbose=1
/usr/bin/cc  -DCMAKE_HAVE_LIBC_PTHREAD    -rdynamic CMakeFiles/cmTC_2c3bc.dir/src.c.o  -o cmTC_2c3bc 
/usr/bin/ld: CMakeFiles/cmTC_2c3bc.dir/src.c.o: in function `main':
src.c:(.text+0x46): undefined reference to `pthread_create'
/usr/bin/ld: src.c:(.text+0x52): undefined reference to `pthread_detach'
/usr/bin/ld: src.c:(.text+0x63): undefined reference to `pthread_join'
collect2: error: ld returned 1 exit status
make[1]: *** [CMakeFiles/cmTC_2c3bc.dir/build.make:87: cmTC_2c3bc] Error 1
make[1]: Leaving directory '/home/pc/Desktop/cg/lab8/build/CMakeFiles/CMakeTmp'
make: *** [Makefile:121: cmTC_2c3bc/fast] Error 2


Source file was:
#include <pthread.h>

void* test_func(void* data)
{
  return data;
}

int main(void)
{
  pthread_t thread;
  pthread_create(&thread, NULL, test_func, NULL);
  pthread_detach(thread);
  pthread_join(thread, NULL);
  pthread_atfork(NULL, NULL, NULL);
  pthread_exit(NULL);

  return 0;
}

Determining if the function pthread_create exists in the pthreads failed with the following output:
Change Dir: /home/pc/Desktop/cg/lab8/build/CMakeFiles/CMakeTmp

Run Build Command(s):/usr/bin/make cmTC_90566/fast && /usr/bin/make -f CMakeFiles/cmTC_90566.dir/build.make CMakeFiles/cmTC_90566.dir/build
make[1]: Entering directory '/home/pc/Desktop/cg/lab8/build/CMakeFiles/CMakeTmp'
Building C object CMakeFiles/cmTC_90566.dir/CheckFunctionExists.c.o
/usr/bin/cc   -DCHECK_FUNCTION_EXISTS=pthread_create   -o CMakeFiles/cmTC_90566.dir/CheckFunctionExists.c.o   -c /usr/share/cmake-3.16/Modules/CheckFunctionExists.c
Linking C executable cmTC_90566
/usr/bin/cmake -E cmake_link_script CMakeFiles/cmTC_90566.dir/link.txt --verbose=1
/usr/bin/cc  -DCHECK_FUNCTION_EXISTS=pthread_create    -rdynamic CMakeFiles/cmTC_90566.dir/CheckFunctionExists.c.o  -o cmTC_90566  -lpthreads 
/usr/bin/ld: cannot find -lpthreads
collect2: error: ld returned 1 exit status
make[1]: *** [CMakeFiles/cmTC_90566.dir/build.make:87: cmTC_90566] Error 1
make[1]: Leaving directory '/home/pc/Desktop/cg/lab8/build/CMakeFiles/CMakeTmp'
make: *** [Makefile:121: cmTC_90566/fast] Error 2



Determining if the function glXGetProcAddressEXT exists failed with the following output:
Change Dir: /home/pc/Desktop/cg/lab8/build/CMakeFiles/CMakeTmp

Run Build Command(s):/usr/bin/make cmTC_655b3/fast && /usr/bin/make -f CMakeFiles/cmTC_655b3.dir/build.make CMakeFiles/cmTC_655b3.dir/build
make[1]: Entering directory '/home/pc/Desktop/cg/lab8/build/CMakeFiles/CMakeTmp'
Building C object CMakeFiles/cmTC_655b3.dir/CheckFunctionExists.c.o
/usr/bin/cc   -DCHECK_FUNCTION_EXISTS=glXGetProcAddressEXT   -o CMakeFiles/cmTC_655b3.dir/CheckFunctionExists.c.o   -c /usr/share/cmake-3.16/Modules/CheckFunctionExists.c
Linking C executable cmTC_655b3
/usr/bin/cmake -E cmake_link_script CMakeFiles/cmTC_655b3.dir/link.txt --verbose=1
/usr/bin/cc  -DCHECK_FUNCTION_EXISTS=glXGetProcAddressEXT    -rdynamic CMakeFiles/cmTC_655b3.dir/CheckFunctionExists.c.o  -o cmTC_655b3  /usr/lib/x86_64-linux-gnu/libGL.so 
/usr/bin/ld: CMakeFiles/cmTC_655b3.dir/CheckFunctionExists.c.o: in function `main':
CheckFunctionExists.c:(.text+0x14): undefined reference to `glXGetProcAddressEXT'
collect2: error: ld returned 1 exit status
make[1]: *** [CMakeFiles/cmTC_655b3.dir/build.make:88: cmTC_655b3] Error 1
make[1]: Leaving directory '/home/pc/Desktop/cg/lab8/build/CMakeFiles/CMakeTmp'
make: *** [Makefile:121: cmTC_655b3/fast] Error 2



